C:\Program Files\Microsoft Visual Studio\2022\Community\MSBuild\Microsoft\VC\v170\Microsoft.CppBuild.targets(510,5): warning MSB8028: The intermediate directory (C:\Users\manam\Desktop\Repo\FPSS\FPSS\bin\intermediates\x64\Debug\) contains files shared from another project (FPS.vcxproj).  This can lead to incorrect clean and rebuild behavior.
  buffer.hpp
  buffer_layout.cpp
C:\Users\manam\Desktop\Repo\FPSS\FPSS\src\buffer_layout.cpp(4,72): warning C4312: 'type cast': conversion from 'unsigned int' to 'void *' of greater size
  building.cpp
C:\Users\manam\Desktop\Repo\FPSS\FPSS\include\mesh.hpp(37,23): warning C4267: 'return': conversion from 'size_t' to 'int', possible loss of data
C:\Users\manam\Desktop\Repo\FPSS\FPSS\src\building.cpp(20,104): warning C4267: 'argument': conversion from 'size_t' to 'GLsizei', possible loss of data
  player.cpp
C:\Users\manam\Desktop\Repo\FPSS\FPSS\src\player.cpp(33,32): warning C4244: '+=': conversion from 'double' to 'T', possible loss of data
          with
          [
              T=float
          ]
C:\Users\manam\Desktop\Repo\FPSS\FPSS\src\player.cpp(36,28): warning C4244: '=': conversion from 'double' to 'float', possible loss of data
  main.cpp
C:\Users\manam\Desktop\Repo\FPSS\FPSS\include\mesh.hpp(37,23): warning C4267: 'return': conversion from 'size_t' to 'int', possible loss of data
C:\Users\manam\Desktop\Repo\FPSS\FPSS\src\main.cpp(120,23): warning C4244: 'initializing': conversion from 'double' to 'float', possible loss of data
C:\Users\manam\Desktop\Repo\FPSS\FPSS\src\main.cpp(121,23): warning C4244: 'initializing': conversion from 'double' to 'float', possible loss of data
C:\Users\manam\Desktop\Repo\FPSS\FPSS\src\main.cpp(122,24): warning C4244: 'initializing': conversion from 'double' to 'float', possible loss of data
C:\Users\manam\Desktop\Repo\FPSS\FPSS\src\main.cpp(125,17): warning C4244: '=': conversion from 'double' to 'float', possible loss of data
C:\Users\manam\Desktop\Repo\FPSS\FPSS\src\main.cpp(126,17): warning C4244: '=': conversion from 'double' to 'float', possible loss of data
  mesh.cpp
C:\Users\manam\Desktop\Repo\FPSS\FPSS\include\mesh.hpp(37,23): warning C4267: 'return': conversion from 'size_t' to 'int', possible loss of data
C:\Users\manam\Desktop\Repo\FPSS\FPSS\src\mesh.cpp(11,48): warning C4244: 'argument': conversion from 'unsigned __int64' to 'unsigned int', possible loss of data
C:\Users\manam\Desktop\Repo\FPSS\FPSS\src\mesh.cpp(12,48): warning C4244: 'argument': conversion from 'unsigned __int64' to 'unsigned int', possible loss of data
C:\Users\manam\Desktop\Repo\FPSS\FPSS\src\mesh.cpp(13,48): warning C4244: 'argument': conversion from 'unsigned __int64' to 'unsigned int', possible loss of data
  model.cpp
C:\Users\manam\Desktop\Repo\FPSS\FPSS\include\mesh.hpp(37,23): warning C4267: 'return': conversion from 'size_t' to 'int', possible loss of data
C:\Users\manam\Desktop\Repo\FPSS\FPSS\src\model.cpp(34,23): warning C4018: '<': signed/unsigned mismatch
C:\Users\manam\Desktop\Repo\FPSS\FPSS\src\model.cpp(63,23): warning C4018: '<': signed/unsigned mismatch
C:\Users\manam\Desktop\Repo\FPSS\FPSS\src\model.cpp(86,36): warning C4101: 'oor': unreferenced local variable
  shader.cpp
  vertex_array.cpp
  Generating Code...
glew32s.lib(glew.obj) : warning LNK4099: PDB 'vc120.pdb' was not found with 'glew32s.lib(glew.obj)' or at 'C:\Users\manam\Desktop\Repo\FPSS\FPSS\bin\x64\Debug\vc120.pdb'; linking object as if no debug info
     Creating library C:\Users\manam\Desktop\Repo\FPSS\FPSS\bin\x64\Debug\FPSS.lib and object C:\Users\manam\Desktop\Repo\FPSS\FPSS\bin\x64\Debug\FPSS.exp
LINK : warning LNK4098: defaultlib 'LIBCMT' conflicts with use of other libs; use /NODEFAULTLIB:library
LINK : warning LNK4098: defaultlib 'MSVCRT' conflicts with use of other libs; use /NODEFAULTLIB:library
  FPSS.vcxproj -> C:\Users\manam\Desktop\Repo\FPSS\FPSS\bin\x64\Debug\FPSS.exe
