c:\users\manam\desktop\repo\fpss\fpss\bin\intermediates\debug\x64\vc143.pdb
c:\users\manam\desktop\repo\fpss\fpss\bin\intermediates\debug\x64\vc143.idb
c:\users\manam\desktop\repo\fpss\fpss\bin\intermediates\debug\x64\vertex_array.obj
c:\users\manam\desktop\repo\fpss\fpss\bin\intermediates\debug\x64\shader.obj
c:\users\manam\desktop\repo\fpss\fpss\bin\intermediates\debug\x64\model.obj
c:\users\manam\desktop\repo\fpss\fpss\bin\intermediates\debug\x64\mesh.obj
c:\users\manam\desktop\repo\fpss\fpss\bin\intermediates\debug\x64\main.obj
c:\users\manam\desktop\repo\fpss\fpss\bin\intermediates\debug\x64\player.obj
c:\users\manam\desktop\repo\fpss\fpss\bin\intermediates\debug\x64\building.obj
c:\users\manam\desktop\repo\fpss\fpss\bin\intermediates\debug\x64\buffer_layout.obj
c:\users\manam\desktop\repo\fpss\fpss\bin\intermediates\debug\x64\buffer.obj
c:\users\manam\desktop\repo\fpss\fpss\bin\debug\x64\fpss.lib
c:\users\manam\desktop\repo\fpss\fpss\bin\debug\x64\fpss.exp
c:\users\manam\desktop\repo\fpss\fpss\bin\debug\x64\assimp-vc143-mtd.dll
c:\users\manam\desktop\repo\fpss\fpss\bin\debug\x64\irrlicht.dll
c:\users\manam\desktop\repo\fpss\fpss\bin\debug\x64\libpng16d.dll
c:\users\manam\desktop\repo\fpss\fpss\bin\debug\x64\zlibd1.dll
c:\users\manam\desktop\repo\fpss\fpss\bin\debug\x64\jpeg62.dll
c:\users\manam\desktop\repo\fpss\fpss\bin\debug\x64\bz2d.dll
c:\users\manam\desktop\repo\fpss\fpss\bin\debug\x64\glfw3.dll
c:\users\manam\desktop\repo\fpss\fpss\bin\intermediates\debug\x64\fpss.ilk
c:\users\manam\desktop\repo\fpss\fpss\bin\debug\x64\fpss.exe
c:\users\manam\desktop\repo\fpss\fpss\bin\debug\x64\fpss.pdb
c:\users\manam\desktop\repo\fpss\fpss\bin\intermediates\debug\x64\fpss.vcxproj.filelistabsolute.txt
c:\users\manam\desktop\repo\fpss\fpss\bin\intermediates\debug\x64\fpss.tlog\cl.command.1.tlog
c:\users\manam\desktop\repo\fpss\fpss\bin\intermediates\debug\x64\fpss.tlog\cl.read.1.tlog
c:\users\manam\desktop\repo\fpss\fpss\bin\intermediates\debug\x64\fpss.tlog\cl.write.1.tlog
c:\users\manam\desktop\repo\fpss\fpss\bin\intermediates\debug\x64\fpss.tlog\fpss.write.1u.tlog
c:\users\manam\desktop\repo\fpss\fpss\bin\intermediates\debug\x64\fpss.tlog\link.command.1.tlog
c:\users\manam\desktop\repo\fpss\fpss\bin\intermediates\debug\x64\fpss.tlog\link.read.1.tlog
c:\users\manam\desktop\repo\fpss\fpss\bin\intermediates\debug\x64\fpss.tlog\link.write.1.tlog
