c:\users\manam\desktop\repo\fpss\bin\intermediates\release\x64\vc143.pdb
c:\users\manam\desktop\repo\fpss\bin\intermediates\release\x64\main.obj
c:\users\manam\desktop\repo\fpss\bin\intermediates\release\x64\player.obj
c:\users\manam\desktop\repo\fpss\bin\release\x64\fpss.lib
c:\users\manam\desktop\repo\fpss\bin\release\x64\fpss.exp
c:\users\manam\desktop\repo\fpss\bin\release\x64\glfw3.dll
c:\users\manam\desktop\repo\fpss\bin\release\x64\assimp-vc143-mt.dll
c:\users\manam\desktop\repo\fpss\bin\release\x64\irrlicht.dll
c:\users\manam\desktop\repo\fpss\bin\release\x64\libpng16.dll
c:\users\manam\desktop\repo\fpss\bin\release\x64\zlib1.dll
c:\users\manam\desktop\repo\fpss\bin\release\x64\jpeg62.dll
c:\users\manam\desktop\repo\fpss\bin\release\x64\bz2.dll
c:\users\manam\desktop\repo\fpss\bin\release\x64\fpss.exe
c:\users\manam\desktop\repo\fpss\bin\intermediates\release\x64\fpss.ipdb
c:\users\manam\desktop\repo\fpss\bin\release\x64\fpss.pdb
c:\users\manam\desktop\repo\fpss\bin\intermediates\release\x64\fpss.iobj
c:\users\manam\desktop\repo\fpss\bin\intermediates\release\x64\fpss.vcxproj.filelistabsolute.txt
c:\users\manam\desktop\repo\fpss\bin\intermediates\release\x64\fpss.tlog\cl.command.1.tlog
c:\users\manam\desktop\repo\fpss\bin\intermediates\release\x64\fpss.tlog\cl.read.1.tlog
c:\users\manam\desktop\repo\fpss\bin\intermediates\release\x64\fpss.tlog\cl.write.1.tlog
c:\users\manam\desktop\repo\fpss\bin\intermediates\release\x64\fpss.tlog\fpss.write.1u.tlog
c:\users\manam\desktop\repo\fpss\bin\intermediates\release\x64\fpss.tlog\link.command.1.tlog
c:\users\manam\desktop\repo\fpss\bin\intermediates\release\x64\fpss.tlog\link.read.1.tlog
c:\users\manam\desktop\repo\fpss\bin\intermediates\release\x64\fpss.tlog\link.write.1.tlog
